<?xml version="1.0" encoding="UTF-8"?>
<!-- Generated by org.testng.reporters.JUnitXMLReporter -->
<testsuite ignored="0" hostname="LAPTOP-3QH6SHE9" failures="0" tests="15" name="Default test" time="4.646" errors="0" timestamp="2024-05-28T23:01:44 IST">
  <testcase classname="Testproject1.AutomationTest1" name="setup" time="2.65"/>
  <testcase classname="Testproject1.AutomationTest1" name="VerifyTitle" time="0.016"/>
  <testcase classname="Testproject1.AutomationTest1" name="input" time="0.505"/>
  <testcase classname="Testproject1.AutomationTest1" name="VerifyDropdown" time="0.102"/>
  <testcase classname="Testproject1.AutomationTest1" name="SelectProduct" time="0.057"/>
  <testcase classname="Testproject1.AutomationTest1" name="Checkcart" time="0.023"/>
  <testcase classname="Testproject1.AutomationTest1" name="Addcart2" time="0.043"/>
  <testcase classname="Testproject1.AutomationTest1" name="cart2" time="0.018"/>
  <testcase classname="Testproject1.AutomationTest1" name="RemoveProduct" time="0.041"/>
  <testcase classname="Testproject1.AutomationTest1" name="VerifyProduct" time="0.017"/>
  <testcase classname="Testproject1.AutomationTest1" name="cart" time="0.05"/>
  <testcase classname="Testproject1.AutomationTest1" name="displauproduct" time="0.041"/>
  <testcase classname="Testproject1.AutomationTest1" name="ContinueShooping" time="0.055"/>
  <testcase classname="Testproject1.AutomationTest1" name="selectDropdown" time="0.272"/>
  <testcase classname="Testproject1.AutomationTest1" name="tearDown" time="0.629"/>
</testsuite> <!-- Default test -->
