<?xml version="1.0" encoding="UTF-8"?>
<testng-results ignored="0" total="15" passed="15" failed="0" skipped="0">
  <reporter-output>
  </reporter-output>
  <suite started-at="2024-05-28T23:01:39 IST" name="Default suite" finished-at="2024-05-28T23:01:44 IST" duration-ms="4646">
    <groups>
    </groups>
    <test started-at="2024-05-28T23:01:39 IST" name="Default test" finished-at="2024-05-28T23:01:44 IST" duration-ms="4646">
      <class name="Testproject1.AutomationTest1">
        <test-method signature="setup()[pri:1, instance:Testproject1.AutomationTest1@6150c3ec]" started-at="2024-05-28T23:01:39 IST" name="setup" finished-at="2024-05-28T23:01:42 IST" duration-ms="2650" status="PASS">
          <reporter-output>
          </reporter-output>
        </test-method> <!-- setup -->
        <test-method signature="VerifyTitle()[pri:2, instance:Testproject1.AutomationTest1@6150c3ec]" started-at="2024-05-28T23:01:42 IST" name="VerifyTitle" finished-at="2024-05-28T23:01:42 IST" duration-ms="16" status="PASS">
          <reporter-output>
          </reporter-output>
        </test-method> <!-- VerifyTitle -->
        <test-method signature="input()[pri:3, instance:Testproject1.AutomationTest1@6150c3ec]" started-at="2024-05-28T23:01:42 IST" name="input" finished-at="2024-05-28T23:01:42 IST" duration-ms="505" status="PASS">
          <reporter-output>
          </reporter-output>
        </test-method> <!-- input -->
        <test-method signature="VerifyDropdown()[pri:4, instance:Testproject1.AutomationTest1@6150c3ec]" started-at="2024-05-28T23:01:42 IST" name="VerifyDropdown" finished-at="2024-05-28T23:01:42 IST" duration-ms="102" status="PASS">
          <reporter-output>
          </reporter-output>
        </test-method> <!-- VerifyDropdown -->
        <test-method signature="SelectProduct()[pri:5, instance:Testproject1.AutomationTest1@6150c3ec]" started-at="2024-05-28T23:01:42 IST" name="SelectProduct" finished-at="2024-05-28T23:01:42 IST" duration-ms="57" status="PASS">
          <reporter-output>
          </reporter-output>
        </test-method> <!-- SelectProduct -->
        <test-method signature="Checkcart()[pri:6, instance:Testproject1.AutomationTest1@6150c3ec]" started-at="2024-05-28T23:01:42 IST" name="Checkcart" finished-at="2024-05-28T23:01:43 IST" duration-ms="23" status="PASS">
          <reporter-output>
          </reporter-output>
        </test-method> <!-- Checkcart -->
        <test-method signature="Addcart2()[pri:7, instance:Testproject1.AutomationTest1@6150c3ec]" started-at="2024-05-28T23:01:43 IST" name="Addcart2" finished-at="2024-05-28T23:01:43 IST" duration-ms="43" status="PASS">
          <reporter-output>
          </reporter-output>
        </test-method> <!-- Addcart2 -->
        <test-method signature="cart2()[pri:8, instance:Testproject1.AutomationTest1@6150c3ec]" started-at="2024-05-28T23:01:43 IST" name="cart2" finished-at="2024-05-28T23:01:43 IST" duration-ms="18" status="PASS">
          <reporter-output>
          </reporter-output>
        </test-method> <!-- cart2 -->
        <test-method signature="RemoveProduct()[pri:9, instance:Testproject1.AutomationTest1@6150c3ec]" started-at="2024-05-28T23:01:43 IST" name="RemoveProduct" finished-at="2024-05-28T23:01:43 IST" duration-ms="41" status="PASS">
          <reporter-output>
          </reporter-output>
        </test-method> <!-- RemoveProduct -->
        <test-method signature="VerifyProduct()[pri:10, instance:Testproject1.AutomationTest1@6150c3ec]" started-at="2024-05-28T23:01:43 IST" name="VerifyProduct" finished-at="2024-05-28T23:01:43 IST" duration-ms="17" status="PASS">
          <reporter-output>
          </reporter-output>
        </test-method> <!-- VerifyProduct -->
        <test-method signature="cart()[pri:11, instance:Testproject1.AutomationTest1@6150c3ec]" started-at="2024-05-28T23:01:43 IST" name="cart" finished-at="2024-05-28T23:01:43 IST" duration-ms="50" status="PASS">
          <reporter-output>
          </reporter-output>
        </test-method> <!-- cart -->
        <test-method signature="displauproduct()[pri:12, instance:Testproject1.AutomationTest1@6150c3ec]" started-at="2024-05-28T23:01:43 IST" name="displauproduct" finished-at="2024-05-28T23:01:43 IST" duration-ms="41" status="PASS">
          <reporter-output>
          </reporter-output>
        </test-method> <!-- displauproduct -->
        <test-method signature="ContinueShooping()[pri:13, instance:Testproject1.AutomationTest1@6150c3ec]" started-at="2024-05-28T23:01:43 IST" name="ContinueShooping" finished-at="2024-05-28T23:01:43 IST" duration-ms="55" status="PASS">
          <reporter-output>
          </reporter-output>
        </test-method> <!-- ContinueShooping -->
        <test-method signature="selectDropdown()[pri:14, instance:Testproject1.AutomationTest1@6150c3ec]" started-at="2024-05-28T23:01:43 IST" name="selectDropdown" finished-at="2024-05-28T23:01:43 IST" duration-ms="272" status="PASS">
          <reporter-output>
          </reporter-output>
        </test-method> <!-- selectDropdown -->
        <test-method signature="tearDown()[pri:15, instance:Testproject1.AutomationTest1@6150c3ec]" started-at="2024-05-28T23:01:43 IST" name="tearDown" finished-at="2024-05-28T23:01:44 IST" duration-ms="629" status="PASS">
          <reporter-output>
          </reporter-output>
        </test-method> <!-- tearDown -->
      </class> <!-- Testproject1.AutomationTest1 -->
    </test> <!-- Default test -->
  </suite> <!-- Default suite -->
</testng-results>
